==> Starting concretization
==> Environment concretized in 56.05 seconds.
==> Concretized exawind+amr_wind_gpu+cuda+hypre+nalu_wind_gpu cuda_arch=75 ^amr-wind~tests ^nalu-wind~tests
 -   faknlqx  exawind@master%gcc@11.1.0+amr_wind_gpu~asan+cuda~fsi+hypre~ipo+nalu_wind_gpu~openfast~rocm~stk_simd~tiny_profile~umpire build_system=cmake build_type=Release cuda_arch=75 arch=linux-ubuntu20.04-x86_64
[+]  wivnbjl      ^amr-wind@main%gcc@11.1.0~asan~ascent~clangtidy~cppcheck+cuda~hdf5+hypre~ipo~masa+mpi+netcdf~openfast~openmp~rocm~shared~tests+tiny_profile~umpire build_system=cmake build_type=RelWithDebInfo cuda_arch=75 arch=linux-ubuntu20.04-x86_64
[+]  mgp642s          ^hypre@develop%gcc@11.1.0~complex~cublas+cuda~debug~fortran~gptune~gpu-aware-mpi~int64~internal-superlu~mixedint+mpi~openmp~rocblas~rocm+shared~superlu-dist~sycl~umpire~unified-memory build_system=autotools cuda_arch=75 arch=linux-ubuntu20.04-x86_64
[+]  z4d6hhe          ^netcdf-c@4.7.4%gcc@11.1.0~dap~fsync~hdf4~jna+mpi+optimize+parallel-netcdf+pic+shared build_system=autotools patches=2c88dfb arch=linux-ubuntu20.04-x86_64
[+]  qdxsvxc              ^m4@1.4.19%gcc@11.1.0+sigsegv build_system=autotools patches=9dc5fbd,bfdffa7 arch=linux-ubuntu20.04-x86_64
[+]  zbe45vu                  ^diffutils@3.8%gcc@11.1.0 build_system=autotools arch=linux-ubuntu20.04-x86_64
[+]  lypoofr                  ^libsigsegv@2.13%gcc@11.1.0 build_system=autotools arch=linux-ubuntu20.04-x86_64
[+]  oq6i3vu      ^cmake@3.25.2%gcc@11.1.0~doc+ncurses+ownlibs~qt build_system=generic build_type=Release arch=linux-ubuntu20.04-x86_64
[+]  uvosrzt          ^ncurses@6.4%gcc@11.1.0~symlinks+termlib abi=none build_system=autotools arch=linux-ubuntu20.04-x86_64
[+]  uorrjkf              ^pkgconf@1.8.0%gcc@11.1.0 build_system=autotools arch=linux-ubuntu20.04-x86_64
[+]  w7pp5up          ^openssl@1.1.1s%gcc@11.1.0~docs~shared build_system=generic certs=mozilla arch=linux-ubuntu20.04-x86_64
[+]  w233qs7              ^ca-certificates-mozilla@2023-01-10%gcc@11.1.0 build_system=generic arch=linux-ubuntu20.04-x86_64
[+]  4psazed              ^perl@5.36.0%gcc@11.1.0+cpanm+open+shared+threads build_system=generic arch=linux-ubuntu20.04-x86_64
[+]  alkzfee                  ^berkeley-db@18.1.40%gcc@11.1.0+cxx~docs+stl build_system=autotools patches=26090f4,b231fcc arch=linux-ubuntu20.04-x86_64
[+]  4w6pcqh                  ^bzip2@1.0.8%gcc@11.1.0~debug~pic+shared build_system=generic arch=linux-ubuntu20.04-x86_64
[+]  qdviltn                  ^gdbm@1.23%gcc@11.1.0 build_system=autotools arch=linux-ubuntu20.04-x86_64
[+]  vxrl4pn                      ^readline@8.2%gcc@11.1.0 build_system=autotools patches=bbf97f1 arch=linux-ubuntu20.04-x86_64
[+]  kd2mo2q      ^cuda@11.8.0%gcc@11.1.0~allow-unsupported-compilers~dev build_system=generic arch=linux-ubuntu20.04-x86_64
[+]  m244bec      ^mvapich2x@3.7%gcc@11.1.0 build_system=autotools distribution=stock-ofed feature=basic pmi_version=pmi1 process_managers=mpirun arch=linux-ubuntu20.04-x86_64
[+]  i6wv47h      ^nalu-wind@master%gcc@11.1.0~asan~boost~catalyst+cuda~fftw~fsi+hypre~hypre2~ipo~openfast+pic~rocm~shared~stk_simd~tests+tioga+trilinos-solvers~umpire+unit-tests~wind-utils abs_tol=1e-15 build_system=cmake build_type=RelWithDebInfo cuda_arch=75 cxxstd=17 rel_tol=1e-12 arch=linux-ubuntu20.04-x86_64
[+]  7boabkk          ^kokkos-nvcc-wrapper@3.2.00%gcc@11.1.0+mpi build_system=generic arch=linux-ubuntu20.04-x86_64
[+]  aij4rmg          ^nccmp@1.9.0.1%gcc@11.1.0~ipo build_system=cmake build_type=Release arch=linux-ubuntu20.04-x86_64
[+]  fsxa4qe      ^tioga@develop%gcc@11.1.0~asan~ipo~nodegid+pic+shared~stats~timers build_system=cmake build_type=Release arch=linux-ubuntu20.04-x86_64
[+]  qckx7am      ^trilinos@13.4.0.2023.02.28%gcc@11.1.0~adelus~adios2~amesos+amesos2~anasazi~asan~aztec~basker+belos+boost~chaco~complex+cuda+cuda_rdc~debug~dtk~epetra~epetraext~epetraextbtf~epetraextexperimental~epetraextgraphreorderings+exodus+explicit_template_instantiation~float~fortran+gtest+hdf5~hypre~ifpack+ifpack2~intrepid~intrepid2~ipo~isorropia+kokkos~mesquite~minitensor~ml+mpi+muelu~mumps~nox~openmp~panzer~phalanx+pic~piro~python~rocm~rocm_rdc~rol~rythmos~sacado~scorec+shards~shared~shylu+stk~stk_simd~stk_unit_tests~stokhos~stratimikos~strumpack~suite-sparse~superlu~superlu-dist~teko~tempus~thyra+tpetra~trilinoscouplings+uvm+wrapper~x11+zoltan+zoltan2 build_system=cmake build_type=Release cuda_arch=75 cxxstd=17 gotype=long arch=linux-ubuntu20.04-x86_64
[+]  ysc4agk          ^boost@1.76.0%gcc@11.1.0~atomic~chrono~clanglibcpp~container~context~contract~coroutine~date_time~debug+exception~fiber~filesystem+graph~graph_parallel~icu~iostreams~json~locale~log+math~mpi+multithreaded~nowide~numpy~pic~program_options~python~random~regex~serialization+shared~signals~singlethreaded+stacktrace~system~taggedlayout~test~thread~timer~type_erasure~versionedlayout~wave build_system=generic cxxstd=17 patches=a440f96 visibility=hidden arch=linux-ubuntu20.04-x86_64
[+]  57r5kl7          ^cgns@4.3.0%gcc@11.1.0~base_scope~fortran+hdf5~int64~ipo~legacy~mem_debug+mpi+scoping+shared~static~testing build_system=cmake build_type=Release arch=linux-ubuntu20.04-x86_64
[+]  kslysv5          ^hdf5@1.10.7%gcc@11.1.0+cxx~fortran+hl~ipo~java+mpi+shared~szip~threadsafe+tools api=default build_system=cmake build_type=RelWithDebInfo patches=2a1e311 arch=linux-ubuntu20.04-x86_64
[+]  tllxnbj          ^hwloc@2.9.0%gcc@11.1.0~cairo+cuda~gl~libudev+libxml2~netloc~nvml~oneapi-level-zero~opencl+pci~rocm build_system=autotools cuda_arch=75 libs=shared,static arch=linux-ubuntu20.04-x86_64
[+]  srwvvk5              ^libpciaccess@0.16%gcc@11.1.0 build_system=autotools arch=linux-ubuntu20.04-x86_64
[+]  bntep2v                  ^libtool@2.4.7%gcc@11.1.0 build_system=autotools arch=linux-ubuntu20.04-x86_64
[+]  i5p6x5b                  ^util-macros@1.19.3%gcc@11.1.0 build_system=autotools arch=linux-ubuntu20.04-x86_64
[+]  d4dm7aj              ^libxml2@2.10.3%gcc@11.1.0~python build_system=autotools arch=linux-ubuntu20.04-x86_64
[+]  5f66p4a                  ^libiconv@1.17%gcc@11.1.0 build_system=autotools libs=shared,static arch=linux-ubuntu20.04-x86_64
[+]  al2gyec                  ^xz@5.4.1%gcc@11.1.0~pic build_system=autotools libs=shared,static arch=linux-ubuntu20.04-x86_64
[+]  vya2j3l          ^matio@1.5.17%gcc@11.1.0+hdf5+shared+zlib build_system=autotools arch=linux-ubuntu20.04-x86_64
[+]  pdhyn6o          ^metis@5.1.0%gcc@11.1.0~gdb~int64~ipo~real64+shared build_system=cmake build_type=Release patches=4991da9,93a7903,b1225da arch=linux-ubuntu20.04-x86_64
[+]  5g6tkx3          ^netlib-lapack@3.10.1%gcc@11.1.0~external-blas~ipo+lapacke+shared~xblas build_system=cmake build_type=Release arch=linux-ubuntu20.04-x86_64
[+]  q4ktm62          ^parallel-netcdf@1.12.2%gcc@11.1.0~burstbuffer+cxx~fortran+pic+shared build_system=autotools arch=linux-ubuntu20.04-x86_64
[+]  emfnaqu          ^parmetis@4.0.3%gcc@11.1.0~gdb~int64~ipo+shared build_system=cmake build_type=Release patches=4f89253,50ed208,704b84f arch=linux-ubuntu20.04-x86_64
[+]  hi2xsgc          ^zlib@1.2.13%gcc@11.1.0+optimize+pic+shared build_system=makefile arch=linux-ubuntu20.04-x86_64
[+]  vddrhi3      ^yaml-cpp@0.6.3%gcc@11.1.0~ipo+pic+shared~tests build_system=cmake build_type=Release arch=linux-ubuntu20.04-x86_64

